<?xml version="1.0" encoding="UTF-8"?>
<testsuite xmlns:xsi="http://www.w3.org/2001/XMLSchema-instance" xsi:noNamespaceSchemaLocation="https://maven.apache.org/surefire/maven-surefire-plugin/xsd/surefire-test-report-3.0.xsd" version="3.0" name="TestSuite" time="20.121" tests="51" errors="0" skipped="0" failures="0">
  <properties>
    <property name="sun.desktop" value="windows"/>
    <property name="awt.toolkit" value="sun.awt.windows.WToolkit"/>
    <property name="java.specification.version" value="12"/>
    <property name="sun.cpu.isalist" value="amd64"/>
    <property name="sun.jnu.encoding" value="Cp1252"/>
    <property name="java.class.path" value="C:\Users\Amit Kumar Das\gitFinal\BestBuy_BDD\BestBUY_BDD\target\test-classes;C:\Users\Amit Kumar Das\gitFinal\BestBuy_BDD\BestBUY_BDD\target\classes;C:\Users\Amit Kumar Das\.m2\repository\javax\mail\mail\1.4.7\mail-1.4.7.jar;C:\Users\Amit Kumar Das\.m2\repository\javax\activation\activation\1.1.1\activation-1.1.1.jar;C:\Users\Amit Kumar Das\.m2\repository\com\google\guava\guava\29.0-jre\guava-29.0-jre.jar;C:\Users\Amit Kumar Das\.m2\repository\com\google\guava\failureaccess\1.0.1\failureaccess-1.0.1.jar;C:\Users\Amit Kumar Das\.m2\repository\com\google\guava\listenablefuture\9999.0-empty-to-avoid-conflict-with-guava\listenablefuture-9999.0-empty-to-avoid-conflict-with-guava.jar;C:\Users\Amit Kumar Das\.m2\repository\com\google\code\findbugs\jsr305\3.0.2\jsr305-3.0.2.jar;C:\Users\Amit Kumar Das\.m2\repository\org\checkerframework\checker-qual\2.11.1\checker-qual-2.11.1.jar;C:\Users\Amit Kumar Das\.m2\repository\com\google\errorprone\error_prone_annotations\2.3.4\error_prone_annotations-2.3.4.jar;C:\Users\Amit Kumar Das\.m2\repository\com\google\j2objc\j2objc-annotations\1.3\j2objc-annotations-1.3.jar;C:\Users\Amit Kumar Das\.m2\repository\com\googlecode\json-simple\json-simple\1.1.1\json-simple-1.1.1.jar;C:\Users\Amit Kumar Das\.m2\repository\commons-io\commons-io\2.7\commons-io-2.7.jar;C:\Users\Amit Kumar Das\.m2\repository\org\jsoup\jsoup\1.13.1\jsoup-1.13.1.jar;C:\Users\Amit Kumar Das\.m2\repository\io\rest-assured\json-schema-validator\4.3.1\json-schema-validator-4.3.1.jar;C:\Users\Amit Kumar Das\.m2\repository\org\hamcrest\hamcrest\2.1\hamcrest-2.1.jar;C:\Users\Amit Kumar Das\.m2\repository\com\github\java-json-tools\json-schema-validator\2.2.14\json-schema-validator-2.2.14.jar;C:\Users\Amit Kumar Das\.m2\repository\com\github\java-json-tools\jackson-coreutils-equivalence\1.0\jackson-coreutils-equivalence-1.0.jar;C:\Users\Amit Kumar Das\.m2\repository\com\fasterxml\jackson\core\jackson-databind\2.11.0\jackson-databind-2.11.0.jar;C:\Users\Amit Kumar Das\.m2\repository\com\fasterxml\jackson\core\jackson-annotations\2.11.0\jackson-annotations-2.11.0.jar;C:\Users\Amit Kumar Das\.m2\repository\com\fasterxml\jackson\core\jackson-core\2.11.0\jackson-core-2.11.0.jar;C:\Users\Amit Kumar Das\.m2\repository\com\github\java-json-tools\jackson-coreutils\2.0\jackson-coreutils-2.0.jar;C:\Users\Amit Kumar Das\.m2\repository\com\github\java-json-tools\msg-simple\1.2\msg-simple-1.2.jar;C:\Users\Amit Kumar Das\.m2\repository\com\github\java-json-tools\btf\1.3\btf-1.3.jar;C:\Users\Amit Kumar Das\.m2\repository\com\github\java-json-tools\json-schema-core\1.2.14\json-schema-core-1.2.14.jar;C:\Users\Amit Kumar Das\.m2\repository\com\github\java-json-tools\uri-template\0.10\uri-template-0.10.jar;C:\Users\Amit Kumar Das\.m2\repository\org\mozilla\rhino\1.7.7.2\rhino-1.7.7.2.jar;C:\Users\Amit Kumar Das\.m2\repository\com\sun\mail\mailapi\1.6.2\mailapi-1.6.2.jar;C:\Users\Amit Kumar Das\.m2\repository\joda-time\joda-time\2.10.5\joda-time-2.10.5.jar;C:\Users\Amit Kumar Das\.m2\repository\com\googlecode\libphonenumber\libphonenumber\8.11.1\libphonenumber-8.11.1.jar;C:\Users\Amit Kumar Das\.m2\repository\net\sf\jopt-simple\jopt-simple\5.0.4\jopt-simple-5.0.4.jar;C:\Users\Amit Kumar Das\.m2\repository\io\rest-assured\rest-assured\4.3.1\rest-assured-4.3.1.jar;C:\Users\Amit Kumar Das\.m2\repository\org\codehaus\groovy\groovy\3.0.3\groovy-3.0.3.jar;C:\Users\Amit Kumar Das\.m2\repository\org\codehaus\groovy\groovy-xml\3.0.3\groovy-xml-3.0.3.jar;C:\Users\Amit Kumar Das\.m2\repository\org\apache\httpcomponents\httpclient\4.5.3\httpclient-4.5.3.jar;C:\Users\Amit Kumar Das\.m2\repository\org\apache\httpcomponents\httpcore\4.4.6\httpcore-4.4.6.jar;C:\Users\Amit Kumar Das\.m2\repository\commons-logging\commons-logging\1.2\commons-logging-1.2.jar;C:\Users\Amit Kumar Das\.m2\repository\commons-codec\commons-codec\1.9\commons-codec-1.9.jar;C:\Users\Amit Kumar Das\.m2\repository\org\apache\httpcomponents\httpmime\4.5.3\httpmime-4.5.3.jar;C:\Users\Amit Kumar Das\.m2\repository\org\ccil\cowan\tagsoup\tagsoup\1.2.1\tagsoup-1.2.1.jar;C:\Users\Amit Kumar Das\.m2\repository\io\rest-assured\json-path\4.3.1\json-path-4.3.1.jar;C:\Users\Amit Kumar Das\.m2\repository\org\codehaus\groovy\groovy-json\3.0.3\groovy-json-3.0.3.jar;C:\Users\Amit Kumar Das\.m2\repository\io\rest-assured\rest-assured-common\4.3.1\rest-assured-common-4.3.1.jar;C:\Users\Amit Kumar Das\.m2\repository\io\rest-assured\xml-path\4.3.1\xml-path-4.3.1.jar;C:\Users\Amit Kumar Das\.m2\repository\org\apache\commons\commons-lang3\3.4\commons-lang3-3.4.jar;C:\Users\Amit Kumar Das\.m2\repository\jakarta\xml\bind\jakarta.xml.bind-api\2.3.3\jakarta.xml.bind-api-2.3.3.jar;C:\Users\Amit Kumar Das\.m2\repository\jakarta\activation\jakarta.activation-api\1.2.2\jakarta.activation-api-1.2.2.jar;C:\Users\Amit Kumar Das\.m2\repository\com\sun\xml\bind\jaxb-impl\2.3.3\jaxb-impl-2.3.3.jar;C:\Users\Amit Kumar Das\.m2\repository\org\testng\testng\7.3.0\testng-7.3.0.jar;C:\Users\Amit Kumar Das\.m2\repository\com\beust\jcommander\1.78\jcommander-1.78.jar;C:\Users\Amit Kumar Das\.m2\repository\org\apache\ant\ant\1.10.3\ant-1.10.3.jar;C:\Users\Amit Kumar Das\.m2\repository\org\apache\ant\ant-launcher\1.10.3\ant-launcher-1.10.3.jar;C:\Users\Amit Kumar Das\.m2\repository\com\google\inject\guice\4.2.2\guice-4.2.2-no_aop.jar;C:\Users\Amit Kumar Das\.m2\repository\javax\inject\javax.inject\1\javax.inject-1.jar;C:\Users\Amit Kumar Das\.m2\repository\aopalliance\aopalliance\1.0\aopalliance-1.0.jar;C:\Users\Amit Kumar Das\.m2\repository\org\yaml\snakeyaml\1.21\snakeyaml-1.21.jar;C:\Users\Amit Kumar Das\.m2\repository\junit\junit\4.11\junit-4.11.jar;C:\Users\Amit Kumar Das\.m2\repository\org\hamcrest\hamcrest-core\1.3\hamcrest-core-1.3.jar;"/>
    <property name="java.vm.vendor" value="Oracle Corporation"/>
    <property name="sun.arch.data.model" value="64"/>
    <property name="user.variant" value=""/>
    <property name="java.vendor.url" value="https://java.oracle.com/"/>
    <property name="user.timezone" value="Asia/Calcutta"/>
    <property name="os.name" value="Windows 10"/>
    <property name="java.vm.specification.version" value="12"/>
    <property name="sun.java.launcher" value="SUN_STANDARD"/>
    <property name="user.country" value="IN"/>
    <property name="sun.boot.library.path" value="C:\Program Files\Java\jdk-12.0.2\bin"/>
    <property name="sun.java.command" value="C:\Users\Amit Kumar Das\AppData\Local\Temp\surefire6180435390913708071\surefirebooter14570204753643431803.jar C:\Users\Amit Kumar Das\AppData\Local\Temp\surefire6180435390913708071 2020-08-11T10-53-39_868-jvmRun1 surefire14760749372600843754tmp surefire_013429617552617934274tmp"/>
    <property name="jdk.debug" value="release"/>
    <property name="surefire.test.class.path" value="C:\Users\Amit Kumar Das\gitFinal\BestBuy_BDD\BestBUY_BDD\target\test-classes;C:\Users\Amit Kumar Das\gitFinal\BestBuy_BDD\BestBUY_BDD\target\classes;C:\Users\Amit Kumar Das\.m2\repository\javax\mail\mail\1.4.7\mail-1.4.7.jar;C:\Users\Amit Kumar Das\.m2\repository\javax\activation\activation\1.1.1\activation-1.1.1.jar;C:\Users\Amit Kumar Das\.m2\repository\com\google\guava\guava\29.0-jre\guava-29.0-jre.jar;C:\Users\Amit Kumar Das\.m2\repository\com\google\guava\failureaccess\1.0.1\failureaccess-1.0.1.jar;C:\Users\Amit Kumar Das\.m2\repository\com\google\guava\listenablefuture\9999.0-empty-to-avoid-conflict-with-guava\listenablefuture-9999.0-empty-to-avoid-conflict-with-guava.jar;C:\Users\Amit Kumar Das\.m2\repository\com\google\code\findbugs\jsr305\3.0.2\jsr305-3.0.2.jar;C:\Users\Amit Kumar Das\.m2\repository\org\checkerframework\checker-qual\2.11.1\checker-qual-2.11.1.jar;C:\Users\Amit Kumar Das\.m2\repository\com\google\errorprone\error_prone_annotations\2.3.4\error_prone_annotations-2.3.4.jar;C:\Users\Amit Kumar Das\.m2\repository\com\google\j2objc\j2objc-annotations\1.3\j2objc-annotations-1.3.jar;C:\Users\Amit Kumar Das\.m2\repository\com\googlecode\json-simple\json-simple\1.1.1\json-simple-1.1.1.jar;C:\Users\Amit Kumar Das\.m2\repository\commons-io\commons-io\2.7\commons-io-2.7.jar;C:\Users\Amit Kumar Das\.m2\repository\org\jsoup\jsoup\1.13.1\jsoup-1.13.1.jar;C:\Users\Amit Kumar Das\.m2\repository\io\rest-assured\json-schema-validator\4.3.1\json-schema-validator-4.3.1.jar;C:\Users\Amit Kumar Das\.m2\repository\org\hamcrest\hamcrest\2.1\hamcrest-2.1.jar;C:\Users\Amit Kumar Das\.m2\repository\com\github\java-json-tools\json-schema-validator\2.2.14\json-schema-validator-2.2.14.jar;C:\Users\Amit Kumar Das\.m2\repository\com\github\java-json-tools\jackson-coreutils-equivalence\1.0\jackson-coreutils-equivalence-1.0.jar;C:\Users\Amit Kumar Das\.m2\repository\com\fasterxml\jackson\core\jackson-databind\2.11.0\jackson-databind-2.11.0.jar;C:\Users\Amit Kumar Das\.m2\repository\com\fasterxml\jackson\core\jackson-annotations\2.11.0\jackson-annotations-2.11.0.jar;C:\Users\Amit Kumar Das\.m2\repository\com\fasterxml\jackson\core\jackson-core\2.11.0\jackson-core-2.11.0.jar;C:\Users\Amit Kumar Das\.m2\repository\com\github\java-json-tools\jackson-coreutils\2.0\jackson-coreutils-2.0.jar;C:\Users\Amit Kumar Das\.m2\repository\com\github\java-json-tools\msg-simple\1.2\msg-simple-1.2.jar;C:\Users\Amit Kumar Das\.m2\repository\com\github\java-json-tools\btf\1.3\btf-1.3.jar;C:\Users\Amit Kumar Das\.m2\repository\com\github\java-json-tools\json-schema-core\1.2.14\json-schema-core-1.2.14.jar;C:\Users\Amit Kumar Das\.m2\repository\com\github\java-json-tools\uri-template\0.10\uri-template-0.10.jar;C:\Users\Amit Kumar Das\.m2\repository\org\mozilla\rhino\1.7.7.2\rhino-1.7.7.2.jar;C:\Users\Amit Kumar Das\.m2\repository\com\sun\mail\mailapi\1.6.2\mailapi-1.6.2.jar;C:\Users\Amit Kumar Das\.m2\repository\joda-time\joda-time\2.10.5\joda-time-2.10.5.jar;C:\Users\Amit Kumar Das\.m2\repository\com\googlecode\libphonenumber\libphonenumber\8.11.1\libphonenumber-8.11.1.jar;C:\Users\Amit Kumar Das\.m2\repository\net\sf\jopt-simple\jopt-simple\5.0.4\jopt-simple-5.0.4.jar;C:\Users\Amit Kumar Das\.m2\repository\io\rest-assured\rest-assured\4.3.1\rest-assured-4.3.1.jar;C:\Users\Amit Kumar Das\.m2\repository\org\codehaus\groovy\groovy\3.0.3\groovy-3.0.3.jar;C:\Users\Amit Kumar Das\.m2\repository\org\codehaus\groovy\groovy-xml\3.0.3\groovy-xml-3.0.3.jar;C:\Users\Amit Kumar Das\.m2\repository\org\apache\httpcomponents\httpclient\4.5.3\httpclient-4.5.3.jar;C:\Users\Amit Kumar Das\.m2\repository\org\apache\httpcomponents\httpcore\4.4.6\httpcore-4.4.6.jar;C:\Users\Amit Kumar Das\.m2\repository\commons-logging\commons-logging\1.2\commons-logging-1.2.jar;C:\Users\Amit Kumar Das\.m2\repository\commons-codec\commons-codec\1.9\commons-codec-1.9.jar;C:\Users\Amit Kumar Das\.m2\repository\org\apache\httpcomponents\httpmime\4.5.3\httpmime-4.5.3.jar;C:\Users\Amit Kumar Das\.m2\repository\org\ccil\cowan\tagsoup\tagsoup\1.2.1\tagsoup-1.2.1.jar;C:\Users\Amit Kumar Das\.m2\repository\io\rest-assured\json-path\4.3.1\json-path-4.3.1.jar;C:\Users\Amit Kumar Das\.m2\repository\org\codehaus\groovy\groovy-json\3.0.3\groovy-json-3.0.3.jar;C:\Users\Amit Kumar Das\.m2\repository\io\rest-assured\rest-assured-common\4.3.1\rest-assured-common-4.3.1.jar;C:\Users\Amit Kumar Das\.m2\repository\io\rest-assured\xml-path\4.3.1\xml-path-4.3.1.jar;C:\Users\Amit Kumar Das\.m2\repository\org\apache\commons\commons-lang3\3.4\commons-lang3-3.4.jar;C:\Users\Amit Kumar Das\.m2\repository\jakarta\xml\bind\jakarta.xml.bind-api\2.3.3\jakarta.xml.bind-api-2.3.3.jar;C:\Users\Amit Kumar Das\.m2\repository\jakarta\activation\jakarta.activation-api\1.2.2\jakarta.activation-api-1.2.2.jar;C:\Users\Amit Kumar Das\.m2\repository\com\sun\xml\bind\jaxb-impl\2.3.3\jaxb-impl-2.3.3.jar;C:\Users\Amit Kumar Das\.m2\repository\org\testng\testng\7.3.0\testng-7.3.0.jar;C:\Users\Amit Kumar Das\.m2\repository\com\beust\jcommander\1.78\jcommander-1.78.jar;C:\Users\Amit Kumar Das\.m2\repository\org\apache\ant\ant\1.10.3\ant-1.10.3.jar;C:\Users\Amit Kumar Das\.m2\repository\org\apache\ant\ant-launcher\1.10.3\ant-launcher-1.10.3.jar;C:\Users\Amit Kumar Das\.m2\repository\com\google\inject\guice\4.2.2\guice-4.2.2-no_aop.jar;C:\Users\Amit Kumar Das\.m2\repository\javax\inject\javax.inject\1\javax.inject-1.jar;C:\Users\Amit Kumar Das\.m2\repository\aopalliance\aopalliance\1.0\aopalliance-1.0.jar;C:\Users\Amit Kumar Das\.m2\repository\org\yaml\snakeyaml\1.21\snakeyaml-1.21.jar;C:\Users\Amit Kumar Das\.m2\repository\junit\junit\4.11\junit-4.11.jar;C:\Users\Amit Kumar Das\.m2\repository\org\hamcrest\hamcrest-core\1.3\hamcrest-core-1.3.jar;"/>
    <property name="sun.cpu.endian" value="little"/>
    <property name="user.home" value="C:\Users\Amit Kumar Das"/>
    <property name="user.language" value="en"/>
    <property name="java.specification.vendor" value="Oracle Corporation"/>
    <property name="java.version.date" value="2019-07-16"/>
    <property name="java.home" value="C:\Program Files\Java\jdk-12.0.2"/>
    <property name="file.separator" value="\"/>
    <property name="basedir" value="C:\Users\Amit Kumar Das\gitFinal\BestBuy_BDD\BestBUY_BDD"/>
    <property name="java.vm.compressedOopsMode" value="32-bit"/>
    <property name="line.separator" value="&#10;"/>
    <property name="java.vm.specification.vendor" value="Oracle Corporation"/>
    <property name="java.specification.name" value="Java Platform API Specification"/>
    <property name="java.awt.graphicsenv" value="sun.awt.Win32GraphicsEnvironment"/>
    <property name="surefire.real.class.path" value="C:\Users\Amit Kumar Das\AppData\Local\Temp\surefire6180435390913708071\surefirebooter14570204753643431803.jar"/>
    <property name="user.script" value=""/>
    <property name="sun.management.compiler" value="HotSpot 64-Bit Tiered Compilers"/>
    <property name="java.runtime.version" value="12.0.2+10"/>
    <property name="user.name" value="Amit Kumar Das"/>
    <property name="path.separator" value=";"/>
    <property name="os.version" value="10.0"/>
    <property name="java.runtime.name" value="Java(TM) SE Runtime Environment"/>
    <property name="file.encoding" value="Cp1252"/>
    <property name="java.vm.name" value="Java HotSpot(TM) 64-Bit Server VM"/>
    <property name="localRepository" value="C:\Users\Amit Kumar Das\.m2\repository"/>
    <property name="java.vendor.url.bug" value="https://bugreport.java.com/bugreport/"/>
    <property name="java.io.tmpdir" value="C:\Users\AMITKU~1\AppData\Local\Temp\"/>
    <property name="java.version" value="12.0.2"/>
    <property name="user.dir" value="C:\Users\Amit Kumar Das\gitFinal\BestBuy_BDD\BestBUY_BDD"/>
    <property name="os.arch" value="amd64"/>
    <property name="java.vm.specification.name" value="Java Virtual Machine Specification"/>
    <property name="sun.os.patch.level" value=""/>
    <property name="java.library.path" value="C:\Program Files\Java\jdk-12.0.2\bin;C:\WINDOWS\Sun\Java\bin;C:\WINDOWS\system32;C:\WINDOWS;C:/Program Files/Java/jdk-12.0.2/bin/server;C:/Program Files/Java/jdk-12.0.2/bin;C:\Program Files (x86)\Common Files\Oracle\Java\javapath;C:\Program Files (x86)\Intel\Intel(R) Management Engine Components\iCLS\;C:\Program Files\Intel\Intel(R) Management Engine Components\iCLS\;C:\Windows\system32;C:\Windows;C:\Windows\System32\Wbem;C:\Windows\System32\WindowsPowerShell\v1.0\;C:\Program Files (x86)\NVIDIA Corporation\PhysX\Common;C:\Program Files\Intel\WiFi\bin\;C:\Program Files\Common Files\Intel\WirelessCommon\;C:\Program Files (x86)\Intel\Intel(R) Management Engine Components\DAL;C:\Program Files\Intel\Intel(R) Management Engine Components\DAL;C:\Program Files (x86)\Intel\Intel(R) Management Engine Components\IPT;C:\Program Files\Intel\Intel(R) Management Engine Components\IPT;C:\WINDOWS\system32;C:\WINDOWS;C:\WINDOWS\System32\Wbem;C:\WINDOWS\System32\WindowsPowerShell\v1.0\;C:\WINDOWS\System32\OpenSSH\;C:\Program Files\NVIDIA Corporation\NVIDIA NvDLISR;C:\Program Files\PuTTY\;C:\Android;C:\Program Files\Git\cmd;C:\Users\Amit Kumar Das\Downloads\apache-maven-3.6.3-bin\apache-maven-3.6.3\bin;C:\Program Files\Java\jdk-12.0.2\bin;C:\Program Files\nodejs\;C:\Users\Public\Anaconda3;C:\Users\Public\Anaconda3\Library\mingw-w64\bin;C:\Users\Public\Anaconda3\Library\usr\bin;C:\Users\Public\Anaconda3\Library\bin;C:\Users\Public\Anaconda3\Scripts;C:\Users\Amit Kumar Das\AppData\Local\Microsoft\WindowsApps;C:\Users\Amit Kumar Das\AppData\Local\GitHubDesktop\bin;C:\Program Files\Docker Toolbox;C:\Users\Amit Kumar Das\AppData\Local\Programs\Microsoft VS Code\bin;C:\Users\Amit Kumar Das\AppData\Roaming\npm;C:\WINDOWS\system32;;."/>
    <property name="java.vm.info" value="mixed mode, sharing"/>
    <property name="java.vendor" value="Oracle Corporation"/>
    <property name="java.vm.version" value="12.0.2+10"/>
    <property name="sun.io.unicode.encoding" value="UnicodeLittle"/>
    <property name="java.class.version" value="56.0"/>
  </properties>
  <testcase name="ProductCategory[Housewares, 903](1)" classname="com.BestBUY_BDD.test.Products" time="1.879"/>
  <testcase name="ProductCategory[Household Batteries, 206](2)" classname="com.BestBUY_BDD.test.Products" time="0.251"/>
  <testcase name="ProductCategory[Connected Home &amp; Housewares, 4978](3)" classname="com.BestBUY_BDD.test.Products" time="0.27"/>
  <testcase name="ProductCategory[4K Ultra HD TVs, 119](4)" classname="com.BestBUY_BDD.test.Products" time="0.253"/>
  <testcase name="ProductCategory[TVs, 229](5)" classname="com.BestBUY_BDD.test.Products" time="0.251"/>
  <testcase name="ProductCategory[TV &amp; Home Theater, 2076](6)" classname="com.BestBUY_BDD.test.Products" time="0.244"/>
  <testcase name="ProductCategory[Alkaline Batteries, 81](7)" classname="com.BestBUY_BDD.test.Products" time="0.227"/>
  <testcase name="ProductCategory[Car Electronics &amp; GPS, 2646](8)" classname="com.BestBUY_BDD.test.Products" time="0.269"/>
  <testcase name="ProductCategory[Car Audio, 623](9)" classname="com.BestBUY_BDD.test.Products" time="0.234"/>
  <testcase name="ProductCategory[Car Speakers, 144](10)" classname="com.BestBUY_BDD.test.Products" time="0.23"/>
  <testcase name="ProductCategory[Specialty Batteries, 55](11)" classname="com.BestBUY_BDD.test.Products" time="0.234"/>
  <testcase name="ProductCategoryFilter[Housewares, 800, 500, 79](1)" classname="com.BestBUY_BDD.test.Products" time="0.255"/>
  <testcase name="ProductCategoryFilter[Household Batteries, 800, 200, 1](2)" classname="com.BestBUY_BDD.test.Products" time="0.229"/>
  <testcase name="ProductCategoryFilter[Connected Home &amp; Housewares, 800, 500, 163](3)" classname="com.BestBUY_BDD.test.Products" time="0.24"/>
  <testcase name="ProductCategoryFilter[4K Ultra HD TVs, 800, 500, 20](4)" classname="com.BestBUY_BDD.test.Products" time="0.226"/>
  <testcase name="ProductCategoryFilter[TVs, 800, 500, 29](5)" classname="com.BestBUY_BDD.test.Products" time="0.242"/>
  <testcase name="ProductCategoryFilter[TV &amp; Home Theater, 800, 500, 157](6)" classname="com.BestBUY_BDD.test.Products" time="0.242"/>
  <testcase name="ProductCategoryFilter[Alkaline Batteries, 10, 5, 30](7)" classname="com.BestBUY_BDD.test.Products" time="0.23"/>
  <testcase name="ProductCategoryFilter[Car Electronics &amp; GPS, 800, 500, 55](8)" classname="com.BestBUY_BDD.test.Products" time="0.238"/>
  <testcase name="ProductCategoryFilter[Car Audio, 800, 500, 21](9)" classname="com.BestBUY_BDD.test.Products" time="0.254"/>
  <testcase name="ProductCategoryFilter[Car Speakers, 800, 500, 1](10)" classname="com.BestBUY_BDD.test.Products" time="0.228"/>
  <testcase name="ProductCategoryFilter[Specialty Batteries, 10, 5, 17](11)" classname="com.BestBUY_BDD.test.Products" time="0.228"/>
  <testcase name="ProductCategoryFilter[Housewares, 700, 600, 27](12)" classname="com.BestBUY_BDD.test.Products" time="0.247"/>
  <testcase name="ProductCategoryFilter[Household Batteries, 10, 5, 66](13)" classname="com.BestBUY_BDD.test.Products" time="0.22"/>
  <testcase name="ProductCategoryFilter[Connected Home &amp; Housewares, 700, 600, 52](14)" classname="com.BestBUY_BDD.test.Products" time="0.248"/>
  <testcase name="ProductCategoryFilter[4K Ultra HD TVs, 700, 600, 4](15)" classname="com.BestBUY_BDD.test.Products" time="0.242"/>
  <testcase name="ProductCategoryFilter[TVs, 700, 600, 6](16)" classname="com.BestBUY_BDD.test.Products" time="0.225"/>
  <testcase name="ProductCategoryFilter[TV &amp; Home Theater, 700, 600, 48](17)" classname="com.BestBUY_BDD.test.Products" time="0.244"/>
  <testcase name="ProductCategoryFilter[Alkaline Batteries, 10, 5, 30](18)" classname="com.BestBUY_BDD.test.Products" time="0.219"/>
  <testcase name="ProductCategoryFilter[Car Electronics &amp; GPS, 700, 600, 19](19)" classname="com.BestBUY_BDD.test.Products" time="0.231"/>
  <testcase name="ProductCategoryFilter[Car Audio, 700, 600, 9](20)" classname="com.BestBUY_BDD.test.Products" time="0.22"/>
  <testcase name="ProductCategoryFilter[Car Speakers, 700, 600, 1](21)" classname="com.BestBUY_BDD.test.Products" time="0.213"/>
  <testcase name="ProductCategoryFilter[Specialty Batteries, 20, 10, 8](22)" classname="com.BestBUY_BDD.test.Products" time="0.218"/>
  <testcase name="ProductNameAndDescription" classname="com.BestBUY_BDD.test.Products" time="0.418"/>
  <testcase name="SortProductByPrice[-1, 27999.98](1)" classname="com.BestBUY_BDD.test.Products" time="0.211"/>
  <testcase name="SortProductByPrice[1, 0.01](2)" classname="com.BestBUY_BDD.test.Products" time="0.19"/>
  <testcase name="createProduct" classname="com.BestBUY_BDD.test.Products" time="0.129"/>
  <testcase name="getProductById" classname="com.BestBUY_BDD.test.Products" time="0.051"/>
  <testcase name="deleteProductById" classname="com.BestBUY_BDD.test.Products" time="0.016"/>
  <testcase name="createMultipleProducts[Prod1, type1, 123.12, model1, upc1, desc1](1)" classname="com.BestBUY_BDD.test.Products" time="0.122"/>
  <testcase name="createMultipleProducts[Prod2, type2, 12.12, model2, upc2, desc2](2)" classname="com.BestBUY_BDD.test.Products" time="0.113"/>
  <testcase name="createMultipleProducts[Prod3, type3, 125.12, model3, upc3, desc3](3)" classname="com.BestBUY_BDD.test.Products" time="0.107"/>
  <testcase name="createMultipleProducts[Prod4, type4, 126.12, model4, upc4, desc4](4)" classname="com.BestBUY_BDD.test.Products" time="0.118"/>
  <testcase name="createMultipleProducts[Prod5, type5, 127.12, model5, upc5, desc5](5)" classname="com.BestBUY_BDD.test.Products" time="0.119"/>
  <testcase name="createMultipleProducts[Prod6, type6, 128.12, model6, upc6, desc6](6)" classname="com.BestBUY_BDD.test.Products" time="0.114"/>
  <testcase name="createMultipleProducts[Prod7, type7, 129.12, model7, upc7, desc7](7)" classname="com.BestBUY_BDD.test.Products" time="0.139"/>
  <testcase name="createMultipleProducts[Prod8, type8, 121.12, model8, upc8, desc8](8)" classname="com.BestBUY_BDD.test.Products" time="0.113"/>
  <testcase name="createMultipleProducts[Prod9, type9, 121.12, model9, upc9, desc9](9)" classname="com.BestBUY_BDD.test.Products" time="0.121"/>
  <testcase name="createMultipleProducts[Prod10, type10, 12.12, model10, upc10, desc10](10)" classname="com.BestBUY_BDD.test.Products" time="0.118"/>
  <testcase name="createMultipleProducts[Prod11, type11, 121.12, model11, upc11, desc11](11)" classname="com.BestBUY_BDD.test.Products" time="0.125"/>
  <testcase name="ProductsCount" classname="com.BestBUY_BDD.test.Products" time="0.178"/>
</testsuite>