<?xml version="1.0" encoding="UTF-8"?>
<!-- Generated by org.testng.reporters.JUnitReportReporter -->
<testsuite hostname="MSI" failures="0" tests="1" name="com.BestBUY_BDD.test.Products" time="2.241" errors="0" timestamp="2020-08-07T21:03:54 IST" skipped="0">
  <testcase classname="com.BestBUY_BDD.test.Products" name="getProducts" time="2.241"/>
  <system-out/>
</testsuite> <!-- com.BestBUY_BDD.test.Products -->
