<?xml version="1.0" encoding="UTF-8"?>
<!-- Generated by org.testng.reporters.JUnitReportReporter -->
<testsuite hostname="MSI" failures="0" tests="85" name="com.BestBUY_BDD.test.Products" time="12.240" errors="0" timestamp="2020-08-15T20:52:48 IST" skipped="0">
  <testcase classname="com.BestBUY_BDD.test.Products" name="createProduct" time="0.134"/>
  <system-out/>
  <testcase classname="com.BestBUY_BDD.test.Products" name="ProductCategoryFilter" time="0.216"/>
  <system-out/>
  <testcase classname="com.BestBUY_BDD.test.Products" name="createMultipleProducts" time="0.063"/>
  <system-out/>
  <testcase classname="com.BestBUY_BDD.test.Products" name="deleteMultipleProducts" time="0.013"/>
  <system-out/>
  <testcase classname="com.BestBUY_BDD.test.Products" name="ProductCategory" time="0.237"/>
  <system-out/>
  <testcase classname="com.BestBUY_BDD.test.Products" name="deleteMultipleProducts" time="0.013"/>
  <system-out/>
  <testcase classname="com.BestBUY_BDD.test.Products" name="ProductCategory" time="0.213"/>
  <system-out/>
  <testcase classname="com.BestBUY_BDD.test.Products" name="getMultipleProductsById" time="0.052"/>
  <system-out/>
  <testcase classname="com.BestBUY_BDD.test.Products" name="ProductCategoryFilter" time="0.230"/>
  <system-out/>
  <testcase classname="com.BestBUY_BDD.test.Products" name="getMultipleProductsById" time="0.061"/>
  <system-out/>
  <testcase classname="com.BestBUY_BDD.test.Products" name="ProductCategoryFilter" time="0.209"/>
  <system-out/>
  <testcase classname="com.BestBUY_BDD.test.Products" name="ProductCategoryFilter" time="0.251"/>
  <system-out/>
  <testcase classname="com.BestBUY_BDD.test.Products" name="updateMultipleProducts" time="0.060"/>
  <system-out/>
  <testcase classname="com.BestBUY_BDD.test.Products" name="updateMultipleProducts" time="0.055"/>
  <system-out/>
  <testcase classname="com.BestBUY_BDD.test.Products" name="ProductNameAndDescription" time="0.397"/>
  <system-out/>
  <testcase classname="com.BestBUY_BDD.test.Products" name="createMultipleProducts" time="0.061"/>
  <system-out/>
  <testcase classname="com.BestBUY_BDD.test.Products" name="getMultipleProductsById" time="0.047"/>
  <system-out/>
  <testcase classname="com.BestBUY_BDD.test.Products" name="ProductCategory" time="0.234"/>
  <system-out/>
  <testcase classname="com.BestBUY_BDD.test.Products" name="ProductCategoryFilter" time="0.216"/>
  <system-out/>
  <testcase classname="com.BestBUY_BDD.test.Products" name="ProductCategoryFilter" time="0.226"/>
  <system-out/>
  <testcase classname="com.BestBUY_BDD.test.Products" name="ProductCategoryFilter" time="0.232"/>
  <system-out/>
  <testcase classname="com.BestBUY_BDD.test.Products" name="ProductCategory" time="0.249"/>
  <system-out/>
  <testcase classname="com.BestBUY_BDD.test.Products" name="ProductCategoryFilter" time="0.218"/>
  <system-out/>
  <testcase classname="com.BestBUY_BDD.test.Products" name="ProductCategoryFilter" time="0.240"/>
  <system-out/>
  <testcase classname="com.BestBUY_BDD.test.Products" name="ProductCategoryFilter" time="0.226"/>
  <system-out/>
  <testcase classname="com.BestBUY_BDD.test.Products" name="getMultipleProductsById" time="0.047"/>
  <system-out/>
  <testcase classname="com.BestBUY_BDD.test.Products" name="getMultipleProductsById" time="0.051"/>
  <system-out/>
  <testcase classname="com.BestBUY_BDD.test.Products" name="updateProduct" time="0.080"/>
  <system-out/>
  <testcase classname="com.BestBUY_BDD.test.Products" name="ProductCategory" time="0.241"/>
  <system-out/>
  <testcase classname="com.BestBUY_BDD.test.Products" name="ProductCategoryFilter" time="0.228"/>
  <system-out/>
  <testcase classname="com.BestBUY_BDD.test.Products" name="ProductCategoryFilter" time="0.218"/>
  <system-out/>
  <testcase classname="com.BestBUY_BDD.test.Products" name="createMultipleProducts" time="0.064"/>
  <system-out/>
  <testcase classname="com.BestBUY_BDD.test.Products" name="ProductCategoryFilter" time="0.215"/>
  <system-out/>
  <testcase classname="com.BestBUY_BDD.test.Products" name="ProductCategoryFilter" time="0.216"/>
  <system-out/>
  <testcase classname="com.BestBUY_BDD.test.Products" name="ProductCategory" time="0.225"/>
  <system-out/>
  <testcase classname="com.BestBUY_BDD.test.Products" name="deleteProductById" time="0.020"/>
  <system-out/>
  <testcase classname="com.BestBUY_BDD.test.Products" name="getMultipleProductsById" time="0.058"/>
  <system-out/>
  <testcase classname="com.BestBUY_BDD.test.Products" name="deleteMultipleProducts" time="0.011"/>
  <system-out/>
  <testcase classname="com.BestBUY_BDD.test.Products" name="getMultipleProductsById" time="0.052"/>
  <system-out/>
  <testcase classname="com.BestBUY_BDD.test.Products" name="deleteMultipleProducts" time="0.014"/>
  <system-out/>
  <testcase classname="com.BestBUY_BDD.test.Products" name="createMultipleProducts" time="0.060"/>
  <system-out/>
  <testcase classname="com.BestBUY_BDD.test.Products" name="deleteMultipleProducts" time="0.011"/>
  <system-out/>
  <testcase classname="com.BestBUY_BDD.test.Products" name="ProductCategory" time="1.732"/>
  <system-out/>
  <testcase classname="com.BestBUY_BDD.test.Products" name="ProductCategoryFilter" time="0.224"/>
  <system-out/>
  <testcase classname="com.BestBUY_BDD.test.Products" name="updateMultipleProducts" time="0.055"/>
  <system-out/>
  <testcase classname="com.BestBUY_BDD.test.Products" name="ProductCategoryFilter" time="0.220"/>
  <system-out/>
  <testcase classname="com.BestBUY_BDD.test.Products" name="createMultipleProducts" time="0.056"/>
  <system-out/>
  <testcase classname="com.BestBUY_BDD.test.Products" name="updateMultipleProducts" time="0.052"/>
  <system-out/>
  <testcase classname="com.BestBUY_BDD.test.Products" name="SortProductByPrice" time="0.195"/>
  <system-out/>
  <testcase classname="com.BestBUY_BDD.test.Products" name="updateMultipleProducts" time="0.066"/>
  <system-out/>
  <testcase classname="com.BestBUY_BDD.test.Products" name="updateMultipleProducts" time="0.054"/>
  <system-out/>
  <testcase classname="com.BestBUY_BDD.test.Products" name="updateMultipleProducts" time="0.063"/>
  <system-out/>
  <testcase classname="com.BestBUY_BDD.test.Products" name="createMultipleProducts" time="0.056"/>
  <system-out/>
  <testcase classname="com.BestBUY_BDD.test.Products" name="deleteMultipleProducts" time="0.011"/>
  <system-out/>
  <testcase classname="com.BestBUY_BDD.test.Products" name="ProductCategoryFilter" time="0.214"/>
  <system-out/>
  <testcase classname="com.BestBUY_BDD.test.Products" name="getMultipleProductsById" time="0.055"/>
  <system-out/>
  <testcase classname="com.BestBUY_BDD.test.Products" name="deleteMultipleProducts" time="0.012"/>
  <system-out/>
  <testcase classname="com.BestBUY_BDD.test.Products" name="ProductCategoryFilter" time="0.253"/>
  <system-out/>
  <testcase classname="com.BestBUY_BDD.test.Products" name="deleteMultipleProducts" time="0.012"/>
  <system-out/>
  <testcase classname="com.BestBUY_BDD.test.Products" name="SortProductByPrice" time="0.195"/>
  <system-out/>
  <testcase classname="com.BestBUY_BDD.test.Products" name="createMultipleProducts" time="0.070"/>
  <system-out/>
  <testcase classname="com.BestBUY_BDD.test.Products" name="getMultipleProductsById" time="0.049"/>
  <system-out/>
  <testcase classname="com.BestBUY_BDD.test.Products" name="updateMultipleProducts" time="0.052"/>
  <system-out/>
  <testcase classname="com.BestBUY_BDD.test.Products" name="ProductCategoryFilter" time="0.233"/>
  <system-out/>
  <testcase classname="com.BestBUY_BDD.test.Products" name="getMultipleProductsById" time="0.051"/>
  <system-out/>
  <testcase classname="com.BestBUY_BDD.test.Products" name="deleteMultipleProducts" time="0.014"/>
  <system-out/>
  <testcase classname="com.BestBUY_BDD.test.Products" name="ProductCategoryFilter" time="0.221"/>
  <system-out/>
  <testcase classname="com.BestBUY_BDD.test.Products" name="ProductCategoryFilter" time="0.213"/>
  <system-out/>
  <testcase classname="com.BestBUY_BDD.test.Products" name="createMultipleProducts" time="0.062"/>
  <system-out/>
  <testcase classname="com.BestBUY_BDD.test.Products" name="ProductsCount" time="0.153"/>
  <system-out/>
  <testcase classname="com.BestBUY_BDD.test.Products" name="ProductCategory" time="0.235"/>
  <system-out/>
  <testcase classname="com.BestBUY_BDD.test.Products" name="updateMultipleProducts" time="0.064"/>
  <system-out/>
  <testcase classname="com.BestBUY_BDD.test.Products" name="deleteMultipleProducts" time="0.014"/>
  <system-out/>
  <testcase classname="com.BestBUY_BDD.test.Products" name="ProductCategory" time="0.214"/>
  <system-out/>
  <testcase classname="com.BestBUY_BDD.test.Products" name="getProductById" time="0.050"/>
  <system-out/>
  <testcase classname="com.BestBUY_BDD.test.Products" name="ProductCategory" time="0.218"/>
  <system-out/>
  <testcase classname="com.BestBUY_BDD.test.Products" name="updateMultipleProducts" time="0.062"/>
  <system-out/>
  <testcase classname="com.BestBUY_BDD.test.Products" name="ProductCategory" time="0.233"/>
  <system-out/>
  <testcase classname="com.BestBUY_BDD.test.Products" name="updateMultipleProducts" time="0.057"/>
  <system-out/>
  <testcase classname="com.BestBUY_BDD.test.Products" name="createMultipleProducts" time="0.087"/>
  <system-out/>
  <testcase classname="com.BestBUY_BDD.test.Products" name="createMultipleProducts" time="0.069"/>
  <system-out/>
  <testcase classname="com.BestBUY_BDD.test.Products" name="getMultipleProductsById" time="0.043"/>
  <system-out/>
  <testcase classname="com.BestBUY_BDD.test.Products" name="deleteMultipleProducts" time="0.013"/>
  <system-out/>
  <testcase classname="com.BestBUY_BDD.test.Products" name="createMultipleProducts" time="0.058"/>
  <system-out/>
  <testcase classname="com.BestBUY_BDD.test.Products" name="ProductCategoryFilter" time="0.216"/>
  <system-out/>
</testsuite> <!-- com.BestBUY_BDD.test.Products -->
