<?xml version="1.0" encoding="UTF-8"?>
<!-- Generated by org.testng.reporters.JUnitReportReporter -->
<testsuite hostname="MSI" failures="0" tests="3" name="com.BestBUY_BDD.test.Products" time="2.276" errors="0" timestamp="2020-08-08T20:34:28 IST" skipped="0">
  <testcase classname="com.BestBUY_BDD.test.Products" name="ProductsCount" time="1.813"/>
  <system-out/>
  <testcase classname="com.BestBUY_BDD.test.Products" name="SortProductByPrice" time="0.207"/>
  <system-out/>
  <testcase classname="com.BestBUY_BDD.test.Products" name="SortProductByPrice" time="0.256"/>
  <system-out/>
</testsuite> <!-- com.BestBUY_BDD.test.Products -->
