<?xml version="1.0" encoding="UTF-8"?>
<!-- Generated by org.testng.reporters.JUnitReportReporter -->
<testsuite hostname="MSI" failures="0" tests="51" name="com.BestBUY_BDD.test.Products" time="11.986" errors="0" timestamp="2020-08-11T10:54:00 IST" skipped="0">
  <testcase classname="com.BestBUY_BDD.test.Products" name="ProductNameAndDescription" time="0.418"/>
  <system-out/>
  <testcase classname="com.BestBUY_BDD.test.Products" name="ProductCategory" time="0.230"/>
  <system-out/>
  <testcase classname="com.BestBUY_BDD.test.Products" name="createMultipleProducts" time="0.141"/>
  <system-out/>
  <testcase classname="com.BestBUY_BDD.test.Products" name="ProductCategory" time="1.877"/>
  <system-out/>
  <testcase classname="com.BestBUY_BDD.test.Products" name="ProductCategory" time="0.235"/>
  <system-out/>
  <testcase classname="com.BestBUY_BDD.test.Products" name="ProductCategoryFilter" time="0.248"/>
  <system-out/>
  <testcase classname="com.BestBUY_BDD.test.Products" name="ProductCategory" time="0.253"/>
  <system-out/>
  <testcase classname="com.BestBUY_BDD.test.Products" name="ProductCategoryFilter" time="0.242"/>
  <system-out/>
  <testcase classname="com.BestBUY_BDD.test.Products" name="ProductCategory" time="0.250"/>
  <system-out/>
  <testcase classname="com.BestBUY_BDD.test.Products" name="ProductCategory" time="0.234"/>
  <system-out/>
  <testcase classname="com.BestBUY_BDD.test.Products" name="ProductCategoryFilter" time="0.240"/>
  <system-out/>
  <testcase classname="com.BestBUY_BDD.test.Products" name="ProductCategoryFilter" time="0.228"/>
  <system-out/>
  <testcase classname="com.BestBUY_BDD.test.Products" name="ProductCategoryFilter" time="0.242"/>
  <system-out/>
  <testcase classname="com.BestBUY_BDD.test.Products" name="ProductCategory" time="0.226"/>
  <system-out/>
  <testcase classname="com.BestBUY_BDD.test.Products" name="ProductCategoryFilter" time="0.225"/>
  <system-out/>
  <testcase classname="com.BestBUY_BDD.test.Products" name="getProductById" time="0.051"/>
  <system-out/>
  <testcase classname="com.BestBUY_BDD.test.Products" name="createProduct" time="0.128"/>
  <system-out/>
  <testcase classname="com.BestBUY_BDD.test.Products" name="ProductCategoryFilter" time="0.254"/>
  <system-out/>
  <testcase classname="com.BestBUY_BDD.test.Products" name="deleteProductById" time="0.017"/>
  <system-out/>
  <testcase classname="com.BestBUY_BDD.test.Products" name="ProductCategoryFilter" time="0.247"/>
  <system-out/>
  <testcase classname="com.BestBUY_BDD.test.Products" name="ProductCategoryFilter" time="0.227"/>
  <system-out/>
  <testcase classname="com.BestBUY_BDD.test.Products" name="ProductCategoryFilter" time="0.220"/>
  <system-out/>
  <testcase classname="com.BestBUY_BDD.test.Products" name="ProductCategoryFilter" time="0.255"/>
  <system-out/>
  <testcase classname="com.BestBUY_BDD.test.Products" name="ProductCategory" time="0.244"/>
  <system-out/>
  <testcase classname="com.BestBUY_BDD.test.Products" name="SortProductByPrice" time="0.189"/>
  <system-out/>
  <testcase classname="com.BestBUY_BDD.test.Products" name="createMultipleProducts" time="0.114"/>
  <system-out/>
  <testcase classname="com.BestBUY_BDD.test.Products" name="ProductCategoryFilter" time="0.231"/>
  <system-out/>
  <testcase classname="com.BestBUY_BDD.test.Products" name="ProductCategoryFilter" time="0.243"/>
  <system-out/>
  <testcase classname="com.BestBUY_BDD.test.Products" name="ProductCategory" time="0.252"/>
  <system-out/>
  <testcase classname="com.BestBUY_BDD.test.Products" name="createMultipleProducts" time="0.114"/>
  <system-out/>
  <testcase classname="com.BestBUY_BDD.test.Products" name="ProductCategoryFilter" time="0.225"/>
  <system-out/>
  <testcase classname="com.BestBUY_BDD.test.Products" name="ProductCategoryFilter" time="0.232"/>
  <system-out/>
  <testcase classname="com.BestBUY_BDD.test.Products" name="ProductCategory" time="0.271"/>
  <system-out/>
  <testcase classname="com.BestBUY_BDD.test.Products" name="createMultipleProducts" time="0.107"/>
  <system-out/>
  <testcase classname="com.BestBUY_BDD.test.Products" name="createMultipleProducts" time="0.113"/>
  <system-out/>
  <testcase classname="com.BestBUY_BDD.test.Products" name="createMultipleProducts" time="0.118"/>
  <system-out/>
  <testcase classname="com.BestBUY_BDD.test.Products" name="ProductCategoryFilter" time="0.221"/>
  <system-out/>
  <testcase classname="com.BestBUY_BDD.test.Products" name="ProductCategoryFilter" time="0.228"/>
  <system-out/>
  <testcase classname="com.BestBUY_BDD.test.Products" name="createMultipleProducts" time="0.125"/>
  <system-out/>
  <testcase classname="com.BestBUY_BDD.test.Products" name="ProductCategoryFilter" time="0.218"/>
  <system-out/>
  <testcase classname="com.BestBUY_BDD.test.Products" name="createMultipleProducts" time="0.122"/>
  <system-out/>
  <testcase classname="com.BestBUY_BDD.test.Products" name="createMultipleProducts" time="0.121"/>
  <system-out/>
  <testcase classname="com.BestBUY_BDD.test.Products" name="ProductCategoryFilter" time="0.245"/>
  <system-out/>
  <testcase classname="com.BestBUY_BDD.test.Products" name="ProductCategoryFilter" time="0.236"/>
  <system-out/>
  <testcase classname="com.BestBUY_BDD.test.Products" name="ProductCategoryFilter" time="0.213"/>
  <system-out/>
  <testcase classname="com.BestBUY_BDD.test.Products" name="ProductsCount" time="0.178"/>
  <system-out/>
  <testcase classname="com.BestBUY_BDD.test.Products" name="createMultipleProducts" time="0.117"/>
  <system-out/>
  <testcase classname="com.BestBUY_BDD.test.Products" name="ProductCategoryFilter" time="0.222"/>
  <system-out/>
  <testcase classname="com.BestBUY_BDD.test.Products" name="createMultipleProducts" time="0.119"/>
  <system-out/>
  <testcase classname="com.BestBUY_BDD.test.Products" name="ProductCategory" time="0.269"/>
  <system-out/>
  <testcase classname="com.BestBUY_BDD.test.Products" name="SortProductByPrice" time="0.211"/>
  <system-out/>
</testsuite> <!-- com.BestBUY_BDD.test.Products -->
