<?xml version="1.0" encoding="UTF-8"?>
<!-- Generated by org.testng.reporters.JUnitReportReporter -->
<testsuite hostname="MSI" failures="0" tests="85" name="com.BestBUY_BDD.test.Products" time="12.229" errors="0" timestamp="2020-08-12T10:21:49 IST" skipped="0">
  <testcase classname="com.BestBUY_BDD.test.Products" name="deleteMultipleProducts" time="0.012"/>
  <system-out/>
  <testcase classname="com.BestBUY_BDD.test.Products" name="ProductCategoryFilter" time="0.227"/>
  <system-out/>
  <testcase classname="com.BestBUY_BDD.test.Products" name="updateMultipleProducts" time="0.053"/>
  <system-out/>
  <testcase classname="com.BestBUY_BDD.test.Products" name="getMultipleProductsById" time="0.046"/>
  <system-out/>
  <testcase classname="com.BestBUY_BDD.test.Products" name="updateMultipleProducts" time="0.051"/>
  <system-out/>
  <testcase classname="com.BestBUY_BDD.test.Products" name="ProductCategory" time="0.254"/>
  <system-out/>
  <testcase classname="com.BestBUY_BDD.test.Products" name="createMultipleProducts" time="0.061"/>
  <system-out/>
  <testcase classname="com.BestBUY_BDD.test.Products" name="ProductCategory" time="0.219"/>
  <system-out/>
  <testcase classname="com.BestBUY_BDD.test.Products" name="createMultipleProducts" time="0.058"/>
  <system-out/>
  <testcase classname="com.BestBUY_BDD.test.Products" name="createMultipleProducts" time="0.068"/>
  <system-out/>
  <testcase classname="com.BestBUY_BDD.test.Products" name="ProductCategoryFilter" time="0.250"/>
  <system-out/>
  <testcase classname="com.BestBUY_BDD.test.Products" name="ProductCategoryFilter" time="0.219"/>
  <system-out/>
  <testcase classname="com.BestBUY_BDD.test.Products" name="createMultipleProducts" time="0.083"/>
  <system-out/>
  <testcase classname="com.BestBUY_BDD.test.Products" name="ProductCategoryFilter" time="0.233"/>
  <system-out/>
  <testcase classname="com.BestBUY_BDD.test.Products" name="getMultipleProductsById" time="0.041"/>
  <system-out/>
  <testcase classname="com.BestBUY_BDD.test.Products" name="updateMultipleProducts" time="0.044"/>
  <system-out/>
  <testcase classname="com.BestBUY_BDD.test.Products" name="ProductCategory" time="0.225"/>
  <system-out/>
  <testcase classname="com.BestBUY_BDD.test.Products" name="ProductCategory" time="1.820"/>
  <system-out/>
  <testcase classname="com.BestBUY_BDD.test.Products" name="getMultipleProductsById" time="0.043"/>
  <system-out/>
  <testcase classname="com.BestBUY_BDD.test.Products" name="updateMultipleProducts" time="0.044"/>
  <system-out/>
  <testcase classname="com.BestBUY_BDD.test.Products" name="ProductCategory" time="0.266"/>
  <system-out/>
  <testcase classname="com.BestBUY_BDD.test.Products" name="ProductCategory" time="0.237"/>
  <system-out/>
  <testcase classname="com.BestBUY_BDD.test.Products" name="ProductCategoryFilter" time="0.219"/>
  <system-out/>
  <testcase classname="com.BestBUY_BDD.test.Products" name="createMultipleProducts" time="0.054"/>
  <system-out/>
  <testcase classname="com.BestBUY_BDD.test.Products" name="getMultipleProductsById" time="0.049"/>
  <system-out/>
  <testcase classname="com.BestBUY_BDD.test.Products" name="ProductCategoryFilter" time="0.215"/>
  <system-out/>
  <testcase classname="com.BestBUY_BDD.test.Products" name="ProductCategoryFilter" time="0.233"/>
  <system-out/>
  <testcase classname="com.BestBUY_BDD.test.Products" name="getMultipleProductsById" time="0.045"/>
  <system-out/>
  <testcase classname="com.BestBUY_BDD.test.Products" name="ProductCategoryFilter" time="0.227"/>
  <system-out/>
  <testcase classname="com.BestBUY_BDD.test.Products" name="getMultipleProductsById" time="0.045"/>
  <system-out/>
  <testcase classname="com.BestBUY_BDD.test.Products" name="ProductCategoryFilter" time="0.217"/>
  <system-out/>
  <testcase classname="com.BestBUY_BDD.test.Products" name="updateMultipleProducts" time="0.061"/>
  <system-out/>
  <testcase classname="com.BestBUY_BDD.test.Products" name="getProductById" time="0.047"/>
  <system-out/>
  <testcase classname="com.BestBUY_BDD.test.Products" name="deleteProductById" time="0.018"/>
  <system-out/>
  <testcase classname="com.BestBUY_BDD.test.Products" name="ProductCategoryFilter" time="0.225"/>
  <system-out/>
  <testcase classname="com.BestBUY_BDD.test.Products" name="createMultipleProducts" time="0.055"/>
  <system-out/>
  <testcase classname="com.BestBUY_BDD.test.Products" name="ProductsCount" time="0.171"/>
  <system-out/>
  <testcase classname="com.BestBUY_BDD.test.Products" name="deleteMultipleProducts" time="0.012"/>
  <system-out/>
  <testcase classname="com.BestBUY_BDD.test.Products" name="getMultipleProductsById" time="0.047"/>
  <system-out/>
  <testcase classname="com.BestBUY_BDD.test.Products" name="ProductCategoryFilter" time="0.219"/>
  <system-out/>
  <testcase classname="com.BestBUY_BDD.test.Products" name="SortProductByPrice" time="0.202"/>
  <system-out/>
  <testcase classname="com.BestBUY_BDD.test.Products" name="getMultipleProductsById" time="0.052"/>
  <system-out/>
  <testcase classname="com.BestBUY_BDD.test.Products" name="deleteMultipleProducts" time="0.013"/>
  <system-out/>
  <testcase classname="com.BestBUY_BDD.test.Products" name="updateProduct" time="0.081"/>
  <system-out/>
  <testcase classname="com.BestBUY_BDD.test.Products" name="updateMultipleProducts" time="0.042"/>
  <system-out/>
  <testcase classname="com.BestBUY_BDD.test.Products" name="ProductCategory" time="0.220"/>
  <system-out/>
  <testcase classname="com.BestBUY_BDD.test.Products" name="updateMultipleProducts" time="0.060"/>
  <system-out/>
  <testcase classname="com.BestBUY_BDD.test.Products" name="createMultipleProducts" time="0.064"/>
  <system-out/>
  <testcase classname="com.BestBUY_BDD.test.Products" name="ProductCategoryFilter" time="0.222"/>
  <system-out/>
  <testcase classname="com.BestBUY_BDD.test.Products" name="updateMultipleProducts" time="0.048"/>
  <system-out/>
  <testcase classname="com.BestBUY_BDD.test.Products" name="deleteMultipleProducts" time="0.014"/>
  <system-out/>
  <testcase classname="com.BestBUY_BDD.test.Products" name="createMultipleProducts" time="0.059"/>
  <system-out/>
  <testcase classname="com.BestBUY_BDD.test.Products" name="deleteMultipleProducts" time="0.013"/>
  <system-out/>
  <testcase classname="com.BestBUY_BDD.test.Products" name="updateMultipleProducts" time="0.045"/>
  <system-out/>
  <testcase classname="com.BestBUY_BDD.test.Products" name="getMultipleProductsById" time="0.048"/>
  <system-out/>
  <testcase classname="com.BestBUY_BDD.test.Products" name="getMultipleProductsById" time="0.055"/>
  <system-out/>
  <testcase classname="com.BestBUY_BDD.test.Products" name="updateMultipleProducts" time="0.042"/>
  <system-out/>
  <testcase classname="com.BestBUY_BDD.test.Products" name="ProductCategoryFilter" time="0.211"/>
  <system-out/>
  <testcase classname="com.BestBUY_BDD.test.Products" name="ProductCategory" time="0.220"/>
  <system-out/>
  <testcase classname="com.BestBUY_BDD.test.Products" name="deleteMultipleProducts" time="0.013"/>
  <system-out/>
  <testcase classname="com.BestBUY_BDD.test.Products" name="createMultipleProducts" time="0.060"/>
  <system-out/>
  <testcase classname="com.BestBUY_BDD.test.Products" name="deleteMultipleProducts" time="0.011"/>
  <system-out/>
  <testcase classname="com.BestBUY_BDD.test.Products" name="ProductCategory" time="0.243"/>
  <system-out/>
  <testcase classname="com.BestBUY_BDD.test.Products" name="ProductCategoryFilter" time="0.221"/>
  <system-out/>
  <testcase classname="com.BestBUY_BDD.test.Products" name="SortProductByPrice" time="0.186"/>
  <system-out/>
  <testcase classname="com.BestBUY_BDD.test.Products" name="ProductCategoryFilter" time="0.229"/>
  <system-out/>
  <testcase classname="com.BestBUY_BDD.test.Products" name="ProductCategoryFilter" time="0.217"/>
  <system-out/>
  <testcase classname="com.BestBUY_BDD.test.Products" name="deleteMultipleProducts" time="0.012"/>
  <system-out/>
  <testcase classname="com.BestBUY_BDD.test.Products" name="ProductCategoryFilter" time="0.233"/>
  <system-out/>
  <testcase classname="com.BestBUY_BDD.test.Products" name="deleteMultipleProducts" time="0.013"/>
  <system-out/>
  <testcase classname="com.BestBUY_BDD.test.Products" name="createMultipleProducts" time="0.058"/>
  <system-out/>
  <testcase classname="com.BestBUY_BDD.test.Products" name="getMultipleProductsById" time="0.043"/>
  <system-out/>
  <testcase classname="com.BestBUY_BDD.test.Products" name="deleteMultipleProducts" time="0.014"/>
  <system-out/>
  <testcase classname="com.BestBUY_BDD.test.Products" name="createMultipleProducts" time="0.058"/>
  <system-out/>
  <testcase classname="com.BestBUY_BDD.test.Products" name="ProductNameAndDescription" time="0.388"/>
  <system-out/>
  <testcase classname="com.BestBUY_BDD.test.Products" name="createProduct" time="0.129"/>
  <system-out/>
  <testcase classname="com.BestBUY_BDD.test.Products" name="ProductCategoryFilter" time="0.220"/>
  <system-out/>
  <testcase classname="com.BestBUY_BDD.test.Products" name="ProductCategoryFilter" time="0.248"/>
  <system-out/>
  <testcase classname="com.BestBUY_BDD.test.Products" name="deleteMultipleProducts" time="0.013"/>
  <system-out/>
  <testcase classname="com.BestBUY_BDD.test.Products" name="ProductCategory" time="0.234"/>
  <system-out/>
  <testcase classname="com.BestBUY_BDD.test.Products" name="ProductCategory" time="0.241"/>
  <system-out/>
  <testcase classname="com.BestBUY_BDD.test.Products" name="ProductCategoryFilter" time="0.211"/>
  <system-out/>
  <testcase classname="com.BestBUY_BDD.test.Products" name="ProductCategoryFilter" time="0.216"/>
  <system-out/>
  <testcase classname="com.BestBUY_BDD.test.Products" name="updateMultipleProducts" time="0.078"/>
  <system-out/>
  <testcase classname="com.BestBUY_BDD.test.Products" name="ProductCategoryFilter" time="0.216"/>
  <system-out/>
</testsuite> <!-- com.BestBUY_BDD.test.Products -->
