<?xml version="1.0" encoding="UTF-8"?>
<!-- Generated by org.testng.reporters.JUnitReportReporter -->
<testsuite hostname="MSI" failures="0" tests="37" name="com.BestBUY_BDD.test.Products" time="10.019" errors="0" timestamp="2020-08-09T05:41:08 IST" skipped="0">
  <testcase classname="com.BestBUY_BDD.test.Products" name="ProductCategoryFilter" time="0.236"/>
  <system-out/>
  <testcase classname="com.BestBUY_BDD.test.Products" name="ProductCategoryFilter" time="0.212"/>
  <system-out/>
  <testcase classname="com.BestBUY_BDD.test.Products" name="ProductCategoryFilter" time="0.233"/>
  <system-out/>
  <testcase classname="com.BestBUY_BDD.test.Products" name="ProductCategoryFilter" time="0.217"/>
  <system-out/>
  <testcase classname="com.BestBUY_BDD.test.Products" name="ProductCategoryFilter" time="0.214"/>
  <system-out/>
  <testcase classname="com.BestBUY_BDD.test.Products" name="ProductNameAndDescription" time="0.379"/>
  <system-out/>
  <testcase classname="com.BestBUY_BDD.test.Products" name="ProductCategoryFilter" time="0.217"/>
  <system-out/>
  <testcase classname="com.BestBUY_BDD.test.Products" name="ProductCategory" time="0.240"/>
  <system-out/>
  <testcase classname="com.BestBUY_BDD.test.Products" name="ProductCategoryFilter" time="0.223"/>
  <system-out/>
  <testcase classname="com.BestBUY_BDD.test.Products" name="ProductCategory" time="0.214"/>
  <system-out/>
  <testcase classname="com.BestBUY_BDD.test.Products" name="ProductCategoryFilter" time="0.219"/>
  <system-out/>
  <testcase classname="com.BestBUY_BDD.test.Products" name="ProductCategoryFilter" time="0.215"/>
  <system-out/>
  <testcase classname="com.BestBUY_BDD.test.Products" name="ProductCategory" time="0.258"/>
  <system-out/>
  <testcase classname="com.BestBUY_BDD.test.Products" name="ProductCategory" time="0.246"/>
  <system-out/>
  <testcase classname="com.BestBUY_BDD.test.Products" name="ProductCategoryFilter" time="0.227"/>
  <system-out/>
  <testcase classname="com.BestBUY_BDD.test.Products" name="ProductCategoryFilter" time="0.213"/>
  <system-out/>
  <testcase classname="com.BestBUY_BDD.test.Products" name="ProductCategory" time="0.214"/>
  <system-out/>
  <testcase classname="com.BestBUY_BDD.test.Products" name="SortProductByPrice" time="0.191"/>
  <system-out/>
  <testcase classname="com.BestBUY_BDD.test.Products" name="ProductCategoryFilter" time="0.230"/>
  <system-out/>
  <testcase classname="com.BestBUY_BDD.test.Products" name="ProductCategoryFilter" time="0.224"/>
  <system-out/>
  <testcase classname="com.BestBUY_BDD.test.Products" name="ProductCategory" time="0.219"/>
  <system-out/>
  <testcase classname="com.BestBUY_BDD.test.Products" name="ProductCategoryFilter" time="0.214"/>
  <system-out/>
  <testcase classname="com.BestBUY_BDD.test.Products" name="ProductCategoryFilter" time="0.234"/>
  <system-out/>
  <testcase classname="com.BestBUY_BDD.test.Products" name="ProductsCount" time="0.184"/>
  <system-out/>
  <testcase classname="com.BestBUY_BDD.test.Products" name="ProductCategoryFilter" time="0.245"/>
  <system-out/>
  <testcase classname="com.BestBUY_BDD.test.Products" name="ProductCategoryFilter" time="0.229"/>
  <system-out/>
  <testcase classname="com.BestBUY_BDD.test.Products" name="ProductCategoryFilter" time="0.219"/>
  <system-out/>
  <testcase classname="com.BestBUY_BDD.test.Products" name="ProductCategory" time="0.239"/>
  <system-out/>
  <testcase classname="com.BestBUY_BDD.test.Products" name="ProductCategoryFilter" time="0.223"/>
  <system-out/>
  <testcase classname="com.BestBUY_BDD.test.Products" name="ProductCategory" time="0.230"/>
  <system-out/>
  <testcase classname="com.BestBUY_BDD.test.Products" name="ProductCategory" time="1.829"/>
  <system-out/>
  <testcase classname="com.BestBUY_BDD.test.Products" name="ProductCategory" time="0.218"/>
  <system-out/>
  <testcase classname="com.BestBUY_BDD.test.Products" name="ProductCategoryFilter" time="0.224"/>
  <system-out/>
  <testcase classname="com.BestBUY_BDD.test.Products" name="ProductCategoryFilter" time="0.229"/>
  <system-out/>
  <testcase classname="com.BestBUY_BDD.test.Products" name="SortProductByPrice" time="0.191"/>
  <system-out/>
  <testcase classname="com.BestBUY_BDD.test.Products" name="ProductCategory" time="0.252"/>
  <system-out/>
  <testcase classname="com.BestBUY_BDD.test.Products" name="ProductCategoryFilter" time="0.218"/>
  <system-out/>
</testsuite> <!-- com.BestBUY_BDD.test.Products -->
