<?xml version="1.0" encoding="UTF-8"?>
<!-- Generated by org.testng.reporters.JUnitReportReporter -->
<testsuite hostname="MSI" failures="0" tests="85" name="com.BestBUY_BDD.test.Products" time="22.057" errors="0" timestamp="2020-08-14T21:15:18 IST" skipped="0">
  <testcase classname="com.BestBUY_BDD.test.Products" name="ProductCategory" time="0.580"/>
  <system-out/>
  <testcase classname="com.BestBUY_BDD.test.Products" name="ProductCategoryFilter" time="0.479"/>
  <system-out/>
  <testcase classname="com.BestBUY_BDD.test.Products" name="deleteMultipleProducts" time="0.015"/>
  <system-out/>
  <testcase classname="com.BestBUY_BDD.test.Products" name="ProductCategoryFilter" time="0.542"/>
  <system-out/>
  <testcase classname="com.BestBUY_BDD.test.Products" name="ProductCategoryFilter" time="0.528"/>
  <system-out/>
  <testcase classname="com.BestBUY_BDD.test.Products" name="createMultipleProducts" time="0.075"/>
  <system-out/>
  <testcase classname="com.BestBUY_BDD.test.Products" name="updateMultipleProducts" time="0.068"/>
  <system-out/>
  <testcase classname="com.BestBUY_BDD.test.Products" name="deleteMultipleProducts" time="0.016"/>
  <system-out/>
  <testcase classname="com.BestBUY_BDD.test.Products" name="ProductCategoryFilter" time="0.513"/>
  <system-out/>
  <testcase classname="com.BestBUY_BDD.test.Products" name="ProductCategoryFilter" time="0.531"/>
  <system-out/>
  <testcase classname="com.BestBUY_BDD.test.Products" name="ProductCategory" time="0.478"/>
  <system-out/>
  <testcase classname="com.BestBUY_BDD.test.Products" name="getMultipleProductsById" time="0.058"/>
  <system-out/>
  <testcase classname="com.BestBUY_BDD.test.Products" name="ProductsCount" time="0.221"/>
  <system-out/>
  <testcase classname="com.BestBUY_BDD.test.Products" name="updateMultipleProducts" time="0.066"/>
  <system-out/>
  <testcase classname="com.BestBUY_BDD.test.Products" name="ProductCategoryFilter" time="0.558"/>
  <system-out/>
  <testcase classname="com.BestBUY_BDD.test.Products" name="updateMultipleProducts" time="0.078"/>
  <system-out/>
  <testcase classname="com.BestBUY_BDD.test.Products" name="ProductCategory" time="0.476"/>
  <system-out/>
  <testcase classname="com.BestBUY_BDD.test.Products" name="ProductCategoryFilter" time="0.552"/>
  <system-out/>
  <testcase classname="com.BestBUY_BDD.test.Products" name="deleteMultipleProducts" time="0.018"/>
  <system-out/>
  <testcase classname="com.BestBUY_BDD.test.Products" name="createMultipleProducts" time="0.070"/>
  <system-out/>
  <testcase classname="com.BestBUY_BDD.test.Products" name="getMultipleProductsById" time="0.058"/>
  <system-out/>
  <testcase classname="com.BestBUY_BDD.test.Products" name="getProductById" time="0.059"/>
  <system-out/>
  <testcase classname="com.BestBUY_BDD.test.Products" name="ProductCategoryFilter" time="0.515"/>
  <system-out/>
  <testcase classname="com.BestBUY_BDD.test.Products" name="createMultipleProducts" time="0.078"/>
  <system-out/>
  <testcase classname="com.BestBUY_BDD.test.Products" name="SortProductByPrice" time="0.532"/>
  <system-out/>
  <testcase classname="com.BestBUY_BDD.test.Products" name="ProductCategoryFilter" time="0.275"/>
  <system-out/>
  <testcase classname="com.BestBUY_BDD.test.Products" name="deleteMultipleProducts" time="0.016"/>
  <system-out/>
  <testcase classname="com.BestBUY_BDD.test.Products" name="ProductCategoryFilter" time="0.373"/>
  <system-out/>
  <testcase classname="com.BestBUY_BDD.test.Products" name="ProductNameAndDescription" time="0.549"/>
  <system-out/>
  <testcase classname="com.BestBUY_BDD.test.Products" name="createMultipleProducts" time="0.080"/>
  <system-out/>
  <testcase classname="com.BestBUY_BDD.test.Products" name="updateMultipleProducts" time="0.087"/>
  <system-out/>
  <testcase classname="com.BestBUY_BDD.test.Products" name="ProductCategory" time="0.441"/>
  <system-out/>
  <testcase classname="com.BestBUY_BDD.test.Products" name="SortProductByPrice" time="0.331"/>
  <system-out/>
  <testcase classname="com.BestBUY_BDD.test.Products" name="ProductCategoryFilter" time="0.560"/>
  <system-out/>
  <testcase classname="com.BestBUY_BDD.test.Products" name="updateMultipleProducts" time="0.065"/>
  <system-out/>
  <testcase classname="com.BestBUY_BDD.test.Products" name="getMultipleProductsById" time="0.056"/>
  <system-out/>
  <testcase classname="com.BestBUY_BDD.test.Products" name="deleteMultipleProducts" time="0.017"/>
  <system-out/>
  <testcase classname="com.BestBUY_BDD.test.Products" name="deleteMultipleProducts" time="0.016"/>
  <system-out/>
  <testcase classname="com.BestBUY_BDD.test.Products" name="createMultipleProducts" time="0.083"/>
  <system-out/>
  <testcase classname="com.BestBUY_BDD.test.Products" name="createMultipleProducts" time="0.081"/>
  <system-out/>
  <testcase classname="com.BestBUY_BDD.test.Products" name="ProductCategoryFilter" time="0.501"/>
  <system-out/>
  <testcase classname="com.BestBUY_BDD.test.Products" name="deleteMultipleProducts" time="0.020"/>
  <system-out/>
  <testcase classname="com.BestBUY_BDD.test.Products" name="getMultipleProductsById" time="0.056"/>
  <system-out/>
  <testcase classname="com.BestBUY_BDD.test.Products" name="updateMultipleProducts" time="0.071"/>
  <system-out/>
  <testcase classname="com.BestBUY_BDD.test.Products" name="updateProduct" time="0.114"/>
  <system-out/>
  <testcase classname="com.BestBUY_BDD.test.Products" name="createMultipleProducts" time="0.073"/>
  <system-out/>
  <testcase classname="com.BestBUY_BDD.test.Products" name="updateMultipleProducts" time="0.080"/>
  <system-out/>
  <testcase classname="com.BestBUY_BDD.test.Products" name="createMultipleProducts" time="0.076"/>
  <system-out/>
  <testcase classname="com.BestBUY_BDD.test.Products" name="getMultipleProductsById" time="0.064"/>
  <system-out/>
  <testcase classname="com.BestBUY_BDD.test.Products" name="ProductCategory" time="0.509"/>
  <system-out/>
  <testcase classname="com.BestBUY_BDD.test.Products" name="ProductCategory" time="0.499"/>
  <system-out/>
  <testcase classname="com.BestBUY_BDD.test.Products" name="ProductCategoryFilter" time="0.456"/>
  <system-out/>
  <testcase classname="com.BestBUY_BDD.test.Products" name="ProductCategoryFilter" time="0.420"/>
  <system-out/>
  <testcase classname="com.BestBUY_BDD.test.Products" name="updateMultipleProducts" time="0.061"/>
  <system-out/>
  <testcase classname="com.BestBUY_BDD.test.Products" name="deleteMultipleProducts" time="0.015"/>
  <system-out/>
  <testcase classname="com.BestBUY_BDD.test.Products" name="deleteMultipleProducts" time="0.015"/>
  <system-out/>
  <testcase classname="com.BestBUY_BDD.test.Products" name="createMultipleProducts" time="0.082"/>
  <system-out/>
  <testcase classname="com.BestBUY_BDD.test.Products" name="deleteMultipleProducts" time="0.016"/>
  <system-out/>
  <testcase classname="com.BestBUY_BDD.test.Products" name="ProductCategoryFilter" time="0.379"/>
  <system-out/>
  <testcase classname="com.BestBUY_BDD.test.Products" name="ProductCategoryFilter" time="0.566"/>
  <system-out/>
  <testcase classname="com.BestBUY_BDD.test.Products" name="deleteProductById" time="0.019"/>
  <system-out/>
  <testcase classname="com.BestBUY_BDD.test.Products" name="ProductCategory" time="0.266"/>
  <system-out/>
  <testcase classname="com.BestBUY_BDD.test.Products" name="deleteMultipleProducts" time="0.016"/>
  <system-out/>
  <testcase classname="com.BestBUY_BDD.test.Products" name="getMultipleProductsById" time="0.062"/>
  <system-out/>
  <testcase classname="com.BestBUY_BDD.test.Products" name="ProductCategoryFilter" time="0.556"/>
  <system-out/>
  <testcase classname="com.BestBUY_BDD.test.Products" name="ProductCategory" time="0.546"/>
  <system-out/>
  <testcase classname="com.BestBUY_BDD.test.Products" name="updateMultipleProducts" time="0.059"/>
  <system-out/>
  <testcase classname="com.BestBUY_BDD.test.Products" name="createProduct" time="0.155"/>
  <system-out/>
  <testcase classname="com.BestBUY_BDD.test.Products" name="ProductCategoryFilter" time="0.515"/>
  <system-out/>
  <testcase classname="com.BestBUY_BDD.test.Products" name="createMultipleProducts" time="0.086"/>
  <system-out/>
  <testcase classname="com.BestBUY_BDD.test.Products" name="getMultipleProductsById" time="0.056"/>
  <system-out/>
  <testcase classname="com.BestBUY_BDD.test.Products" name="ProductCategory" time="0.352"/>
  <system-out/>
  <testcase classname="com.BestBUY_BDD.test.Products" name="ProductCategory" time="2.138"/>
  <system-out/>
  <testcase classname="com.BestBUY_BDD.test.Products" name="updateMultipleProducts" time="0.062"/>
  <system-out/>
  <testcase classname="com.BestBUY_BDD.test.Products" name="ProductCategoryFilter" time="0.557"/>
  <system-out/>
  <testcase classname="com.BestBUY_BDD.test.Products" name="createMultipleProducts" time="0.087"/>
  <system-out/>
  <testcase classname="com.BestBUY_BDD.test.Products" name="getMultipleProductsById" time="0.064"/>
  <system-out/>
  <testcase classname="com.BestBUY_BDD.test.Products" name="ProductCategoryFilter" time="0.550"/>
  <system-out/>
  <testcase classname="com.BestBUY_BDD.test.Products" name="updateMultipleProducts" time="0.064"/>
  <system-out/>
  <testcase classname="com.BestBUY_BDD.test.Products" name="getMultipleProductsById" time="0.055"/>
  <system-out/>
  <testcase classname="com.BestBUY_BDD.test.Products" name="ProductCategoryFilter" time="0.541"/>
  <system-out/>
  <testcase classname="com.BestBUY_BDD.test.Products" name="getMultipleProductsById" time="0.056"/>
  <system-out/>
  <testcase classname="com.BestBUY_BDD.test.Products" name="getMultipleProductsById" time="0.055"/>
  <system-out/>
  <testcase classname="com.BestBUY_BDD.test.Products" name="ProductCategory" time="0.402"/>
  <system-out/>
  <testcase classname="com.BestBUY_BDD.test.Products" name="ProductCategoryFilter" time="0.471"/>
  <system-out/>
</testsuite> <!-- com.BestBUY_BDD.test.Products -->
